<?xml version="1.0" encoding="utf-8"?><testsuites name="pytest tests"><testsuite name="pytest" errors="0" failures="0" skipped="0" tests="17" time="3.154" timestamp="2026-03-26T11:57:52.748419+00:00" hostname="agent-env-52fda259-e3b5-47e3-ba1c-3bc479e0fe97"><testcase classname="tests.test_seva_features.TestHealthCheck" name="test_api_health" time="0.130" /><testcase classname="tests.test_seva_features.TestAuthentication" name="test_login_success" time="0.333" /><testcase classname="tests.test_seva_features.TestAuthentication" name="test_login_invalid_credentials" time="0.103" /><testcase classname="tests.test_seva_features.TestChangePassword" name="test_change_password_endpoint_exists" time="0.658" /><testcase classname="tests.test_seva_features.TestChangePassword" name="test_change_password_requires_auth" time="0.178" /><testcase classname="tests.test_seva_features.TestCasesWithImages" name="test_get_cases_list" time="0.103" /><testcase classname="tests.test_seva_features.TestCasesWithImages" name="test_case_with_images_has_storage_path" time="0.104" /><testcase classname="tests.test_seva_features.TestSterilisationCRUD" name="test_get_sterilisations" time="0.165" /><testcase classname="tests.test_seva_features.TestSterilisationCRUD" name="test_update_sterilisation_endpoint_exists" time="0.321" /><testcase classname="tests.test_seva_features.TestVetCheckups" name="test_get_vet_checkups" time="0.150" /><testcase classname="tests.test_seva_features.TestVetCheckups" name="test_vet_checkup_has_prescription_field" time="0.155" /><testcase classname="tests.test_seva_features.TestMediaUploadEndpoints" name="test_image_upload_endpoint_accepts_description" time="0.109" /><testcase classname="tests.test_seva_features.TestMediaUploadEndpoints" name="test_video_upload_endpoint_accepts_description" time="0.108" /><testcase classname="tests.test_seva_features.TestVetNamesAndLocations" name="test_get_vet_names" time="0.106" /><testcase classname="tests.test_seva_features.TestVetNamesAndLocations" name="test_get_sterilisation_locations" time="0.109" /><testcase classname="tests.test_seva_features.TestDashboard" name="test_dashboard_metrics" time="0.108" /><testcase classname="tests.test_seva_features.TestDashboard" name="test_dashboard_charts" time="0.108" /></testsuite></testsuites>